<?xml version="1.0" encoding="UTF-8"?>
<testsuite name="com.course_java_for_testers.addressbook.tests.ContactDeletionTests" tests="1" skipped="0" failures="0" errors="0" timestamp="2019-10-21T09:39:32" hostname="DESKTOP-L6JDJSL" time="11.01">
  <properties/>
  <testcase name="testContactDeletion" classname="com.course_java_for_testers.addressbook.tests.ContactDeletionTests" time="11.01"/>
  <system-out><![CDATA[16:39:32.889 [Test worker] INFO  c.c.addressbook.tests.TestBase - Test 'testContactDeletion' started..
16:39:32.895 [Test worker] INFO  c.c.addressbook.tests.TestBase - Test's params: []
]]></system-out>
  <system-err><![CDATA[]]></system-err>
</testsuite>
