<?xml version="1.0" encoding="UTF-8"?>
<testsuite name="com.course_java_for_testers.addressbook.tests.ContactCreationTests" tests="1" skipped="0" failures="0" errors="0" timestamp="2019-10-22T06:01:30" hostname="DESKTOP-L6JDJSL" time="9.18">
  <properties/>
  <testcase name="testContactCreation" classname="com.course_java_for_testers.addressbook.tests.ContactCreationTests" time="9.18"/>
  <system-out><![CDATA[13:01:30.585 [Test worker] INFO  c.c.addressbook.tests.TestBase - Test 'testContactCreation' started..
13:01:30.593 [Test worker] INFO  c.c.addressbook.tests.TestBase - Test's params: []
]]></system-out>
  <system-err><![CDATA[]]></system-err>
</testsuite>
