<?xml version="1.0" encoding="UTF-8"?>
<testsuite name="com.course_java_for_testers.addressbook.tests.ContactCreationTests" tests="1" skipped="0" failures="0" errors="0" timestamp="2019-10-18T08:56:41" hostname="DESKTOP-L6JDJSL" time="6.903">
  <properties/>
  <testcase name="testContactCreation" classname="com.course_java_for_testers.addressbook.tests.ContactCreationTests" time="6.903"/>
  <system-out><![CDATA[]]></system-out>
  <system-err><![CDATA[]]></system-err>
</testsuite>
