<?xml version="1.0" encoding="UTF-8"?>
<testsuite name="com.course_java_for_testers.addressbook.tests.ContactDeletionTests" tests="1" skipped="0" failures="0" errors="0" timestamp="2019-10-22T06:01:39" hostname="DESKTOP-L6JDJSL" time="8.006">
  <properties/>
  <testcase name="testContactDeletion" classname="com.course_java_for_testers.addressbook.tests.ContactDeletionTests" time="8.006"/>
  <system-out><![CDATA[13:01:39.784 [Test worker] INFO  c.c.addressbook.tests.TestBase - Test 'testContactDeletion' started..
13:01:39.784 [Test worker] INFO  c.c.addressbook.tests.TestBase - Test's params: []
]]></system-out>
  <system-err><![CDATA[]]></system-err>
</testsuite>
