<?xml version="1.0" encoding="UTF-8"?>
<testsuite name="com.course_java_for_testers.addressbook.tests.GroupModificationTests" tests="1" skipped="0" failures="0" errors="0" timestamp="2019-10-22T05:45:11" hostname="DESKTOP-L6JDJSL" time="2.801">
  <properties/>
  <testcase name="testGroupModification" classname="com.course_java_for_testers.addressbook.tests.GroupModificationTests" time="2.801"/>
  <system-out><![CDATA[12:45:11.190 [Test worker] INFO  c.c.addressbook.tests.TestBase - Test 'testGroupModification' started..
12:45:11.194 [Test worker] INFO  c.c.addressbook.tests.TestBase - Test's params: []
]]></system-out>
  <system-err><![CDATA[]]></system-err>
</testsuite>
