<?xml version="1.0" encoding="UTF-8"?>
<testsuite name="com.course_java_for_testers.addressbook.tests.ContactCreationTests" tests="1" skipped="0" failures="0" errors="0" timestamp="2019-10-22T08:21:14" hostname="DESKTOP-L6JDJSL" time="6.919">
  <properties/>
  <testcase name="testContactCreation" classname="com.course_java_for_testers.addressbook.tests.ContactCreationTests" time="6.919"/>
  <system-out><![CDATA[15:21:14.890 [Test worker] INFO  c.c.addressbook.tests.TestBase - Test 'testContactCreation' started..
15:21:14.897 [Test worker] INFO  c.c.addressbook.tests.TestBase - Test's params: []
]]></system-out>
  <system-err><![CDATA[]]></system-err>
</testsuite>
