<?xml version="1.0" encoding="UTF-8"?>
<testsuite name="com.course_java_for_testers.addressbook.tests.ContactDeletionTests" tests="1" skipped="0" failures="0" errors="0" timestamp="2019-10-22T08:21:21" hostname="DESKTOP-L6JDJSL" time="6.531">
  <properties/>
  <testcase name="testContactDeletion" classname="com.course_java_for_testers.addressbook.tests.ContactDeletionTests" time="6.531"/>
  <system-out><![CDATA[15:21:21.824 [Test worker] INFO  c.c.addressbook.tests.TestBase - Test 'testContactDeletion' started..
15:21:21.825 [Test worker] INFO  c.c.addressbook.tests.TestBase - Test's params: []
]]></system-out>
  <system-err><![CDATA[]]></system-err>
</testsuite>
