<?xml version="1.0" encoding="UTF-8"?>
<testsuite name="com.course_java_for_testers.addressbook.tests.ContactDeletionTests" tests="1" skipped="0" failures="0" errors="0" timestamp="2019-10-22T07:12:56" hostname="DESKTOP-L6JDJSL" time="6.525">
  <properties/>
  <testcase name="testContactDeletion" classname="com.course_java_for_testers.addressbook.tests.ContactDeletionTests" time="6.525"/>
  <system-out><![CDATA[14:12:56.960 [Test worker] INFO  c.c.addressbook.tests.TestBase - Test 'testContactDeletion' started..
14:12:56.960 [Test worker] INFO  c.c.addressbook.tests.TestBase - Test's params: []
]]></system-out>
  <system-err><![CDATA[]]></system-err>
</testsuite>
